<?xml version="1.0" encoding="UTF-8"?>
<!-- Generated by org.testng.reporters.JUnitReportReporter -->
<testsuite hostname="SAHITHI" failures="0" tests="1" name="com.example.invalid.InvalidLogin" time="4.836" errors="0" timestamp="2022-10-11T20:57:22 IST" skipped="0">
  <testcase classname="com.example.invalid.InvalidLogin" name="f" time="4.836"/>
  <system-out/>
</testsuite> <!-- com.example.invalid.InvalidLogin -->
