<?xml version="1.0" encoding="UTF-8"?>
<!-- Generated by org.testng.reporters.JUnitReportReporter -->
<testsuite hostname="SAHITHI" failures="0" tests="1" name="com.example.valid.ValidLogin" time="5.579" errors="0" timestamp="2022-10-11T20:55:39 IST" skipped="0">
  <testcase classname="com.example.valid.ValidLogin" name="f" time="5.579"/>
  <system-out/>
</testsuite> <!-- com.example.valid.ValidLogin -->
