<?xml version="1.0" encoding="UTF-8"?>
<!-- Generated by org.testng.reporters.JUnitReportReporter -->
<testsuite hostname="SAHITHI" failures="0" tests="1" name="com.example.valid.ValidRegistration" time="4.979" errors="0" timestamp="2022-10-11T20:56:17 IST" skipped="0">
  <testcase classname="com.example.valid.ValidRegistration" name="f" time="4.979"/>
  <system-out/>
</testsuite> <!-- com.example.valid.ValidRegistration -->
